Removed Pin From Net: NetName=NetMD0_4 Pin=MD0-4
Added Component: Designator=P2(HDR1X20)
Add component. Clean all parameters for all variants
Add component (AddParameter): Name = "LatestRevisionDate"; Value = "17-Jul-2002"; VariantName = "[No Variations]"
Add component (AddParameter): Name = "LatestRevisionNote"; Value = "Re-released for DXP Platform."; VariantName = "[No Variations]"
Add component (AddParameter): Name = "Publisher"; Value = "Altium Limited"; VariantName = "[No Variations]"
Added Component: Designator=P?(HDR2X20)
Add component. Clean all parameters for all variants
Add component (AddParameter): Name = "LatestRevisionDate"; Value = "17-Jul-2002"; VariantName = "[No Variations]"
Add component (AddParameter): Name = "LatestRevisionNote"; Value = "Re-released for DXP Platform."; VariantName = "[No Variations]"
Add component (AddParameter): Name = "Publisher"; Value = "Altium Limited"; VariantName = "[No Variations]"
Added Pin To Net: NetName=NetMD0_4 Pin=P2-1
Added Pin To Net: NetName=VCC Pin=P?-2
Added Pin To Net: NetName=GND Pin=P?-4
Added Pin To Net: NetName=GPIO08 Pin=P?-10
Added Pin To Net: NetName=GPIO09 Pin=P?-12
Change Net Name : Old Net Name=NetMD0_4 New Net Name=GPIO12
Added Member To Class: ClassName=Sheet1 Member=Component P2 Header 20
Added Member To Class: ClassName=Sheet1 Member=Component P? Header 20X2
Added Room: Name=Sheet1
