Added Component: Designator=P0(HDR2X20H)
Add component. Clean all parameters for all variants
Add component (AddParameter): Name = "LatestRevisionDate"; Value = "17-Jul-2002"; VariantName = "[No Variations]"
Add component (AddParameter): Name = "LatestRevisionNote"; Value = "Re-released for DXP Platform."; VariantName = "[No Variations]"
Add component (AddParameter): Name = "Publisher"; Value = "Altium Limited"; VariantName = "[No Variations]"
Added Pin To Net: NetName=NetMD0_0 Pin=MD0-0
Added Net: Name=NetMD0_0
Added Pin To Net: NetName=NetMD0_1 Pin=MD0-1
Added Net: Name=NetMD0_1
Added Pin To Net: NetName=NetMD0_2 Pin=MD0-2
Added Net: Name=NetMD0_2
Added Pin To Net: NetName=NetMD0_3 Pin=MD0-3
Added Net: Name=NetMD0_3
Added Pin To Net: NetName=NetMD0_4 Pin=MD0-4
Added Net: Name=NetMD0_4
Added Pin To Net: NetName=NetMD0_5 Pin=MD0-5
Added Net: Name=NetMD0_5
Added Pin To Net: NetName=NetMD0_6 Pin=MD0-6
Added Net: Name=NetMD0_6
Added Pin To Net: NetName=NetMD0_7 Pin=MD0-7
Added Net: Name=NetMD0_7
Added Pin To Net: NetName=NetMD0_8 Pin=MD0-8
Added Net: Name=NetMD0_8
Added Pin To Net: NetName=NetMD0_9 Pin=MD0-9
Added Net: Name=NetMD0_9
Added Net: Name=NetP0_1
Added Net: Name=NetP0_3
Added Net: Name=NetP0_5
Added Net: Name=NetP0_6
Added Net: Name=NetP0_7
Added Net: Name=NetP0_8
Added Net: Name=NetP0_9
Added Net: Name=NetP0_11
Added Net: Name=NetP0_13
Added Net: Name=NetP0_14
Added Net: Name=NetP0_15
Added Net: Name=NetP0_16
Added Net: Name=NetP0_17
Added Net: Name=NetP0_18
Added Net: Name=NetP0_19
Added Net: Name=NetP0_20
Added Net: Name=NetP0_21
Added Net: Name=NetP0_22
Added Net: Name=NetP0_23
Added Net: Name=NetP0_24
Added Net: Name=NetP0_25
Added Net: Name=NetP0_26
Added Net: Name=NetP0_27
Added Net: Name=NetP0_28
Added Net: Name=NetP0_29
Added Net: Name=NetP0_30
Added Net: Name=NetP0_31
Added Net: Name=NetP0_32
Added Net: Name=NetP0_33
Added Net: Name=NetP0_34
Added Net: Name=NetP0_35
Added Net: Name=NetP0_36
Added Net: Name=NetP0_37
Added Net: Name=NetP0_38
Added Net: Name=NetP0_39
Added Net: Name=NetP0_40
