Added Component: Designator=P0(MHDR2X20)
Add component. Clean all parameters for all variants
Add component (AddParameter): Name = "LatestRevisionDate"; Value = "17-Jul-2002"; VariantName = "[No Variations]"
Add component (AddParameter): Name = "LatestRevisionNote"; Value = "Re-released for DXP Platform."; VariantName = "[No Variations]"
Add component (AddParameter): Name = "Publisher"; Value = "Altium Limited"; VariantName = "[No Variations]"
Added Pin To Net: NetName=3.3v Pin=P0-1
Added Pin To Net: NetName=5v Pin=P0-2
Added Pin To Net: NetName=GPIO02 Pin=P0-3
Added Pin To Net: NetName=5v Pin=P0-4
Added Pin To Net: NetName=GPIO03 Pin=P0-5
Added Pin To Net: NetName=GND Pin=P0-6
Added Pin To Net: NetName=GPIO04 Pin=P0-7
Added Pin To Net: NetName=GPIO14 Pin=P0-8
Added Pin To Net: NetName=GND Pin=P0-9
Added Pin To Net: NetName=GPIO15 Pin=P0-10
Added Pin To Net: NetName=GPIO17 Pin=P0-11
Added Pin To Net: NetName=GPIO18 Pin=P0-12
Added Pin To Net: NetName=GPIO27 Pin=P0-13
Added Pin To Net: NetName=GND Pin=P0-14
Added Pin To Net: NetName=GPIO22 Pin=P0-15
Added Pin To Net: NetName=GPIO23 Pin=P0-16
Added Pin To Net: NetName=3.3v Pin=P0-17
Added Pin To Net: NetName=GPIO24 Pin=P0-18
Added Pin To Net: NetName=GPIO10 Pin=P0-19
Added Pin To Net: NetName=GND Pin=P0-20
Added Pin To Net: NetName=GPIO09 Pin=P0-21
Added Pin To Net: NetName=GPIO25 Pin=P0-22
Added Pin To Net: NetName=GPIO11 Pin=P0-23
Added Pin To Net: NetName=GPIO08 Pin=P0-24
Added Pin To Net: NetName=GND Pin=P0-25
Added Pin To Net: NetName=GPIO07 Pin=P0-26
Added Pin To Net: NetName=ID_SD Pin=P0-27
Added Pin To Net: NetName=ID_SC Pin=P0-28
Added Pin To Net: NetName=GPIO05 Pin=P0-29
Added Pin To Net: NetName=GND Pin=P0-30
Added Pin To Net: NetName=GPIO06 Pin=P0-31
Added Pin To Net: NetName=GPIO12 Pin=P0-32
Added Pin To Net: NetName=GPIO13 Pin=P0-33
Added Pin To Net: NetName=GND Pin=P0-34
Added Pin To Net: NetName=GPIO19 Pin=P0-35
Added Pin To Net: NetName=GPIO16 Pin=P0-36
Added Pin To Net: NetName=GPIO26 Pin=P0-37
Added Pin To Net: NetName=GPIO20 Pin=P0-38
Added Pin To Net: NetName=GND Pin=P0-39
Added Pin To Net: NetName=GPIO21 Pin=P0-40
Added Member To Class: ClassName=Sheet1 Member=Component P0 MHDR2X20
