Added Component: Designator=JDC(DC-IN)
Add component. Clean all parameters for all variants
Add component (AddParameter): Name = "Value"; Value = "Jac DC"; VariantName = "[No Variations]"
Added Component: Designator=JP0(CON2)
Add component. Clean all parameters for all variants
Add component (AddParameter): Name = "Value"; Value = "Connector 2"; VariantName = "[No Variations]"
Added Component: Designator=JP1(CON2)
Add component. Clean all parameters for all variants
Add component (AddParameter): Name = "Value"; Value = "Connector 2"; VariantName = "[No Variations]"
Added Component: Designator=JP2(CON2)
Add component. Clean all parameters for all variants
Add component (AddParameter): Name = "Value"; Value = "Connector 2"; VariantName = "[No Variations]"
Added Component: Designator=MD0(LM2596-ADJ)
Add component. Clean all parameters for all variants
Added Component: Designator=MD?(H BRIDGE MINI)
Add component. Clean all parameters for all variants
Added Component: Designator=P0(HDR2X20)
Add component. Clean all parameters for all variants
Add component (AddParameter): Name = "LatestRevisionDate"; Value = "17-Jul-2002"; VariantName = "[No Variations]"
Add component (AddParameter): Name = "LatestRevisionNote"; Value = "Re-released for DXP Platform."; VariantName = "[No Variations]"
Add component (AddParameter): Name = "Publisher"; Value = "Altium Limited"; VariantName = "[No Variations]"
Added Pin To Net: NetName=+12 Pin=JDC-1
Added Pin To Net: NetName=+12 Pin=JP0-2
Added Pin To Net: NetName=+12 Pin=MD0-0
Added Net: Name=+12
Added Pin To Net: NetName=3.3v Pin=P0-1
Added Pin To Net: NetName=3.3v Pin=P0-17
Added Net: Name=3.3v
Added Pin To Net: NetName=5v Pin=P0-2
Added Pin To Net: NetName=5v Pin=P0-4
Added Net: Name=5v
Added Pin To Net: NetName=GND Pin=JDC-2
Added Pin To Net: NetName=GND Pin=JDC-3
Added Pin To Net: NetName=GND Pin=JP0-1
Added Pin To Net: NetName=GND Pin=MD0-1
Added Pin To Net: NetName=GND Pin=MD0-3
Added Pin To Net: NetName=GND Pin=MD?-1
Added Pin To Net: NetName=GND Pin=P0-6
Added Pin To Net: NetName=GND Pin=P0-9
Added Pin To Net: NetName=GND Pin=P0-14
Added Pin To Net: NetName=GND Pin=P0-20
Added Pin To Net: NetName=GND Pin=P0-25
Added Pin To Net: NetName=GND Pin=P0-30
Added Pin To Net: NetName=GND Pin=P0-34
Added Pin To Net: NetName=GND Pin=P0-39
Added Net: Name=GND
Added Pin To Net: NetName=GPIO02 Pin=P0-3
Added Net: Name=GPIO02
Added Pin To Net: NetName=GPIO03 Pin=P0-5
Added Net: Name=GPIO03
Added Pin To Net: NetName=GPIO04 Pin=P0-7
Added Net: Name=GPIO04
Added Pin To Net: NetName=GPIO05 Pin=P0-29
Added Net: Name=GPIO05
Added Pin To Net: NetName=GPIO06 Pin=P0-31
Added Net: Name=GPIO06
Added Pin To Net: NetName=GPIO07 Pin=MD?-4
Added Pin To Net: NetName=GPIO07 Pin=MD?-5
Added Pin To Net: NetName=GPIO07 Pin=P0-24
Added Pin To Net: NetName=GPIO07 Pin=P0-26
Added Pin To Net: NetName=GPIO07 Pin=P0-28
Added Net: Name=GPIO07
Added Pin To Net: NetName=GPIO09 Pin=P0-21
Added Net: Name=GPIO09
Added Pin To Net: NetName=GPIO10 Pin=P0-19
Added Net: Name=GPIO10
Added Pin To Net: NetName=GPIO11 Pin=P0-23
Added Net: Name=GPIO11
Added Pin To Net: NetName=GPIO12 Pin=P0-32
Added Net: Name=GPIO12
Added Pin To Net: NetName=GPIO13 Pin=P0-33
Added Net: Name=GPIO13
Added Pin To Net: NetName=GPIO14 Pin=P0-8
Added Net: Name=GPIO14
Added Pin To Net: NetName=GPIO15 Pin=P0-10
Added Net: Name=GPIO15
Added Pin To Net: NetName=GPIO16 Pin=P0-36
Added Net: Name=GPIO16
Added Pin To Net: NetName=GPIO17 Pin=P0-11
Added Net: Name=GPIO17
Added Pin To Net: NetName=GPIO18 Pin=P0-12
Added Net: Name=GPIO18
Added Pin To Net: NetName=GPIO19 Pin=P0-35
Added Net: Name=GPIO19
Added Pin To Net: NetName=GPIO20 Pin=P0-38
Added Net: Name=GPIO20
Added Pin To Net: NetName=GPIO21 Pin=P0-40
Added Net: Name=GPIO21
Added Pin To Net: NetName=GPIO22 Pin=P0-15
Added Net: Name=GPIO22
Added Pin To Net: NetName=GPIO23 Pin=MD?-2
Added Pin To Net: NetName=GPIO23 Pin=P0-16
Added Net: Name=GPIO23
Added Pin To Net: NetName=GPIO24 Pin=MD?-3
Added Pin To Net: NetName=GPIO24 Pin=P0-18
Added Net: Name=GPIO24
Added Pin To Net: NetName=GPIO25 Pin=P0-22
Added Net: Name=GPIO25
Added Pin To Net: NetName=GPIO26 Pin=P0-37
Added Net: Name=GPIO26
Added Pin To Net: NetName=GPIO27 Pin=P0-13
Added Net: Name=GPIO27
Added Pin To Net: NetName=ID_SD Pin=P0-27
Added Net: Name=ID_SD
Added Pin To Net: NetName=NetJP1_1 Pin=JP1-1
Added Pin To Net: NetName=NetJP1_1 Pin=MD?-6
Added Net: Name=NetJP1_1
Added Pin To Net: NetName=NetJP1_2 Pin=JP1-2
Added Pin To Net: NetName=NetJP1_2 Pin=MD?-7
Added Net: Name=NetJP1_2
Added Pin To Net: NetName=NetJP2_1 Pin=JP2-1
Added Pin To Net: NetName=NetJP2_1 Pin=MD?-8
Added Net: Name=NetJP2_1
Added Pin To Net: NetName=NetJP2_2 Pin=JP2-2
Added Pin To Net: NetName=NetJP2_2 Pin=MD?-9
Added Net: Name=NetJP2_2
Added Pin To Net: NetName=VCC Pin=MD0-2
Added Pin To Net: NetName=VCC Pin=MD?-0
Added Net: Name=VCC
Added Class: Name=Sheet1
Added Room: Name=Sheet1
