Removed Pin From Net: NetName=VCC Pin=MD0-0
Change Component Designator: OldDesignator=MD0 NewDesignator=MD1
Added Component: Designator=JDC1(DC-IN)
Add component. Clean all parameters for all variants
Add component (AddParameter): Name = "Value"; Value = "Jac DC"; VariantName = "[No Variations]"
Added Component: Designator=JP3(CON2)
Add component. Clean all parameters for all variants
Add component (AddParameter): Name = "Value"; Value = "Connector 2"; VariantName = "[No Variations]"
Added Component: Designator=MD2(LM2596-ADJ)
Add component. Clean all parameters for all variants
Added Pin To Net: NetName=GND Pin=JDC1-2
Added Pin To Net: NetName=GND Pin=JDC1-3
Added Pin To Net: NetName=GND Pin=JP3-1
Added Pin To Net: NetName=GND Pin=MD2-1
Added Pin To Net: NetName=GND Pin=MD2-3
Added Pin To Net: NetName=+12_1 Pin=JDC1-1
Added Pin To Net: NetName=+12_1 Pin=JP3-2
Added Pin To Net: NetName=+12_1 Pin=MD2-0
Added Net: Name=+12_1
Added Pin To Net: NetName=VCC_1 Pin=MD1-0
Added Pin To Net: NetName=VCC_1 Pin=MD2-2
Added Net: Name=VCC_1
Added Member To Class: ClassName=Sheet1 Member=Component JDC1 Jac DC
Added Member To Class: ClassName=Sheet1 Member=Component JP3 TEST BATTERY
Added Member To Class: ClassName=Sheet1 Member=Component MD1 H BRIDGE MINI
Added Member To Class: ClassName=Sheet1 Member=Component MD2 ADJ
