Added Component: Designator=JDC_JETSON(DC-IN)
Add component. Clean all parameters for all variants
Add component (AddParameter): Name = "Value"; Value = "Jac DC"; VariantName = "[No Variations]"
Added Component: Designator=JDC_MOTOR(DC-IN)
Add component. Clean all parameters for all variants
Add component (AddParameter): Name = "Value"; Value = "Jac DC"; VariantName = "[No Variations]"
Added Component: Designator=JP?(CON6)
Add component. Clean all parameters for all variants
Add component (AddParameter): Name = "Value"; Value = "Connector 6"; VariantName = "[No Variations]"
Added Component: Designator=MD_JETSON(XL4005)
Add component. Clean all parameters for all variants
Added Component: Designator=S0(DIPSWITCH2)
Add component. Clean all parameters for all variants
Add component (AddParameter): Name = "LatestRevisionDate"; Value = "17-Jul-2002"; VariantName = "[No Variations]"
Add component (AddParameter): Name = "LatestRevisionNote"; Value = "Re-released for DXP Platform."; VariantName = "[No Variations]"
Add component (AddParameter): Name = "PackageReference"; Value = "DIP-4"; VariantName = "[No Variations]"
Add component (AddParameter): Name = "Published"; Value = "24-Mar-1999"; VariantName = "[No Variations]"
Add component (AddParameter): Name = "Publisher"; Value = "Altium Limited"; VariantName = "[No Variations]"
Added Pin To Net: NetName=NetJDC_JETSON_1 Pin=JDC_JETSON-1
Added Net: Name=NetJDC_JETSON_1
Added Pin To Net: NetName=NetJDC_JETSON_2 Pin=JDC_JETSON-2
Added Pin To Net: NetName=NetJDC_JETSON_2 Pin=JDC_MOTOR-2
Added Pin To Net: NetName=NetJDC_JETSON_2 Pin=MD_JETSON-1
Added Net: Name=NetJDC_JETSON_2
Added Pin To Net: NetName=NetJDC_MOTOR_1 Pin=JDC_MOTOR-1
Added Net: Name=NetJDC_MOTOR_1
Added Pin To Net: NetName=NetJP?_1 Pin=JP?-1
Added Net: Name=NetJP?_1
Added Pin To Net: NetName=NetMD_JETSON_0 Pin=MD_JETSON-0
Added Net: Name=NetMD_JETSON_0
Added Class: Name=Lidar_Robot_Power
Added Room: Name=Lidar_Robot_Power
