Added Component: Designator=HD_MOTOR(HED4)
Add component. Clean all parameters for all variants
Add component (AddParameter): Name = "Value"; Value = "Header 4"; VariantName = "[No Variations]"
Added Component: Designator=JP_MOTOR_L(CON6)
Add component. Clean all parameters for all variants
Add component (AddParameter): Name = "Value"; Value = "Connector 6"; VariantName = "[No Variations]"
Added Component: Designator=JP_MOTOR_R(CON6)
Add component. Clean all parameters for all variants
Add component (AddParameter): Name = "Value"; Value = "Connector 6"; VariantName = "[No Variations]"
Added Component: Designator=JP_MOTOR_SIGNAL(CON4)
Add component. Clean all parameters for all variants
Add component (AddParameter): Name = "Value"; Value = "Connector 4"; VariantName = "[No Variations]"
Added Pin To Net: NetName=5V Pin=JP_MOTOR_L-2
Added Pin To Net: NetName=GND Pin=JP_MOTOR_L-5
Added Pin To Net: NetName=5V Pin=JP_MOTOR_R-2
Added Pin To Net: NetName=GND Pin=JP_MOTOR_R-5
Added Pin To Net: NetName=C1/A1 Pin=JP_MOTOR_R-4
Added Pin To Net: NetName=C1/A1 Pin=JP_MOTOR_SIGNAL-4
Added Net: Name=C1/A1
Added Pin To Net: NetName=C1/A2 Pin=JP_MOTOR_L-4
Added Pin To Net: NetName=C1/A2 Pin=JP_MOTOR_SIGNAL-2
Added Net: Name=C1/A2
Added Pin To Net: NetName=C2/B1 Pin=JP_MOTOR_R-3
Added Pin To Net: NetName=C2/B1 Pin=JP_MOTOR_SIGNAL-3
Added Net: Name=C2/B1
Added Pin To Net: NetName=C2/B2 Pin=JP_MOTOR_L-3
Added Pin To Net: NetName=C2/B2 Pin=JP_MOTOR_SIGNAL-1
Added Net: Name=C2/B2
Added Pin To Net: NetName=M1_1 Pin=HD_MOTOR-2
Added Pin To Net: NetName=M1_1 Pin=JP_MOTOR_L-6
Added Net: Name=M1_1
Added Pin To Net: NetName=M1_2 Pin=HD_MOTOR-4
Added Pin To Net: NetName=M1_2 Pin=JP_MOTOR_R-6
Added Net: Name=M1_2
Added Pin To Net: NetName=M2_1 Pin=HD_MOTOR-1
Added Pin To Net: NetName=M2_1 Pin=JP_MOTOR_L-1
Added Net: Name=M2_1
Added Pin To Net: NetName=M2_2 Pin=HD_MOTOR-3
Added Pin To Net: NetName=M2_2 Pin=JP_MOTOR_R-1
Added Net: Name=M2_2
Added Member To Class: ClassName=Lidar_Robot_Power Member=Component HD_MOTOR Header 4
Added Member To Class: ClassName=Lidar_Robot_Power Member=Component JP_MOTOR_L JP6
Added Member To Class: ClassName=Lidar_Robot_Power Member=Component JP_MOTOR_R JP6
Added Member To Class: ClassName=Lidar_Robot_Power Member=Component JP_MOTOR_SIGNAL JP4
