Added Component: Designator=JDC_JETSON(DC-IN)
Add component. Clean all parameters for all variants
Add component (AddParameter): Name = "Value"; Value = "Jac DC"; VariantName = "[No Variations]"
Added Component: Designator=JDC_MOTOR(DC-IN)
Add component. Clean all parameters for all variants
Add component (AddParameter): Name = "Value"; Value = "Jac DC"; VariantName = "[No Variations]"
Added Component: Designator=JP?(CON5)
Add component. Clean all parameters for all variants
Add component (AddParameter): Name = "Value"; Value = "Connector 5"; VariantName = "[No Variations]"
Added Component: Designator=JP?(CON5)
Add component. Clean all parameters for all variants
Add component (AddParameter): Name = "Value"; Value = "Connector 5"; VariantName = "[No Variations]"
Added Component: Designator=JP?(CON5)
Add component. Clean all parameters for all variants
Add component (AddParameter): Name = "Value"; Value = "Connector 5"; VariantName = "[No Variations]"
Added Component: Designator=JP?(CON5)
Add component. Clean all parameters for all variants
Add component (AddParameter): Name = "Value"; Value = "Connector 5"; VariantName = "[No Variations]"
Added Component: Designator=JP_FAN(CON2)
Add component. Clean all parameters for all variants
Add component (AddParameter): Name = "Value"; Value = "Connector 2"; VariantName = "[No Variations]"
Added Component: Designator=JP_POWER(CON2)
Add component. Clean all parameters for all variants
Add component (AddParameter): Name = "Value"; Value = "Connector 2"; VariantName = "[No Variations]"
Added Component: Designator=MD_JETSON(XL4005)
Add component. Clean all parameters for all variants
Added Pin To Net: NetName=+5 Pin=JP?-1
Added Pin To Net: NetName=+5 Pin=JP?-2
Added Pin To Net: NetName=+5 Pin=JP?-3
Added Pin To Net: NetName=+5 Pin=JP?-4
Added Pin To Net: NetName=+5 Pin=JP?-5
Added Pin To Net: NetName=+5 Pin=MD_JETSON-2
Added Net: Name=+5
Added Pin To Net: NetName=+12 Pin=JDC_MOTOR-1
Added Pin To Net: NetName=+12 Pin=JP?-1
Added Pin To Net: NetName=+12 Pin=JP?-2
Added Pin To Net: NetName=+12 Pin=JP?-3
Added Pin To Net: NetName=+12 Pin=JP?-4
Added Pin To Net: NetName=+12 Pin=JP?-5
Added Pin To Net: NetName=+12 Pin=JP_FAN-1
Added Net: Name=+12
Added Pin To Net: NetName=GND Pin=JDC_MOTOR-2
Added Pin To Net: NetName=GND Pin=JP?-1
Added Pin To Net: NetName=GND Pin=JP?-1
Added Pin To Net: NetName=GND Pin=JP?-2
Added Pin To Net: NetName=GND Pin=JP?-2
Added Pin To Net: NetName=GND Pin=JP?-3
Added Pin To Net: NetName=GND Pin=JP?-3
Added Pin To Net: NetName=GND Pin=JP?-4
Added Pin To Net: NetName=GND Pin=JP?-4
Added Pin To Net: NetName=GND Pin=JP?-5
Added Pin To Net: NetName=GND Pin=JP?-5
Added Pin To Net: NetName=GND Pin=JP_FAN-2
Added Pin To Net: NetName=GND Pin=JP_POWER-1
Added Pin To Net: NetName=GND Pin=MD_JETSON-1
Added Pin To Net: NetName=GND Pin=MD_JETSON-3
Added Net: Name=GND
Added Pin To Net: NetName=NetJDC_JETSON_1 Pin=JDC_JETSON-1
Added Pin To Net: NetName=NetJDC_JETSON_1 Pin=MD_JETSON-0
Added Net: Name=NetJDC_JETSON_1
Added Pin To Net: NetName=NetJDC_JETSON_2 Pin=JDC_JETSON-2
Added Pin To Net: NetName=NetJDC_JETSON_2 Pin=JP_POWER-2
Added Net: Name=NetJDC_JETSON_2
Added Class: Name=Lidar_Robot_Power
Added Room: Name=Lidar_Robot_Power
