Added Component: Designator=HD_12V(HED2)
Add component. Clean all parameters for all variants
Add component (AddParameter): Name = "Value"; Value = "Header 2"; VariantName = "[No Variations]"
Added Component: Designator=HD_MOTOR(HED4)
Add component. Clean all parameters for all variants
Add component (AddParameter): Name = "Value"; Value = "Header 4"; VariantName = "[No Variations]"
Added Component: Designator=P?(HDR2X5_CEN)
Add component. Clean all parameters for all variants
Add component (AddParameter): Name = "LatestRevisionDate"; Value = "17-Jul-2002"; VariantName = "[No Variations]"
Add component (AddParameter): Name = "LatestRevisionNote"; Value = "Re-released for DXP Platform."; VariantName = "[No Variations]"
Add component (AddParameter): Name = "Publisher"; Value = "Altium Limited"; VariantName = "[No Variations]"
Added Component: Designator=P?(HDR2X5)
Add component. Clean all parameters for all variants
Add component (AddParameter): Name = "LatestRevisionDate"; Value = "17-Jul-2002"; VariantName = "[No Variations]"
Add component (AddParameter): Name = "LatestRevisionNote"; Value = "Re-released for DXP Platform."; VariantName = "[No Variations]"
Add component (AddParameter): Name = "Publisher"; Value = "Altium Limited"; VariantName = "[No Variations]"
Added Pin To Net: NetName=GND Pin=HD_12V-1
Added Pin To Net: NetName=12V Pin=HD_12V-2
Added Net: Name=12V
Added Pin To Net: NetName=M1_1 Pin=HD_MOTOR-2
Added Pin To Net: NetName=M1_1 Pin=TB-9
Added Net: Name=M1_1
Added Pin To Net: NetName=M1_2 Pin=HD_MOTOR-4
Added Pin To Net: NetName=M1_2 Pin=TB-8
Added Net: Name=M1_2
Added Pin To Net: NetName=M2_1 Pin=HD_MOTOR-1
Added Pin To Net: NetName=M2_1 Pin=TB-15
Added Net: Name=M2_1
Added Pin To Net: NetName=M2_2 Pin=HD_MOTOR-3
Added Pin To Net: NetName=M2_2 Pin=TB-10
Added Net: Name=M2_2
Added Member To Class: ClassName=Secondary_MCU_Lidar_Robot Member=Component HD_12V Header 2
Added Member To Class: ClassName=Secondary_MCU_Lidar_Robot Member=Component HD_MOTOR Header 4
Added Member To Class: ClassName=Secondary_MCU_Lidar_Robot Member=Component P? Header 5X2A
Added Member To Class: ClassName=Secondary_MCU_Lidar_Robot Member=Component P? Header 5X2
