Removed Pin From Net: NetName=5V Pin=P_H_BRIDGE-1
Removed Pin From Net: NetName=PWM1 Pin=P_H_BRIDGE-2
Removed Pin From Net: NetName=M1_1 Pin=P_H_BRIDGE-3
Removed Pin From Net: NetName=M1_2 Pin=P_H_BRIDGE-4
Removed Pin From Net: NetName=GND Pin=P_H_BRIDGE-5
Removed Pin From Net: NetName=5V Pin=P_H_BRIDGE-6
Removed Pin From Net: NetName=PWM2 Pin=P_H_BRIDGE-7
Removed Pin From Net: NetName=M2_1 Pin=P_H_BRIDGE-8
Removed Pin From Net: NetName=M2_2 Pin=P_H_BRIDGE-9
Removed Pin From Net: NetName=GND Pin=P_H_BRIDGE-10
Removed Member From Class: ClassName=Secondary_MCU_Lidar_Robot Member=P_H_BRIDGE
Added Component: Designator=H_Bridge2(HDR2X5_CEN)
Add component. Clean all parameters for all variants
Add component (AddParameter): Name = "LatestRevisionDate"; Value = "17-Jul-2002"; VariantName = "[No Variations]"
Add component (AddParameter): Name = "LatestRevisionNote"; Value = "Re-released for DXP Platform."; VariantName = "[No Variations]"
Add component (AddParameter): Name = "Publisher"; Value = "Altium Limited"; VariantName = "[No Variations]"
Added Component: Designator=HD_MOTOR(HED4)
Add component. Clean all parameters for all variants
Add component (AddParameter): Name = "Value"; Value = "Header 4"; VariantName = "[No Variations]"
Added Component: Designator=JP_MOTOR_3(CON6)
Add component. Clean all parameters for all variants
Add component (AddParameter): Name = "Value"; Value = "Connector 6"; VariantName = "[No Variations]"
Added Component: Designator=JP_MOTOR_4(CON6)
Add component. Clean all parameters for all variants
Add component (AddParameter): Name = "Value"; Value = "Connector 6"; VariantName = "[No Variations]"
Added Pin To Net: NetName=C1/A1 Pin=A-2
Added Pin To Net: NetName=C1/A2 Pin=A-3
Added Pin To Net: NetName=PWM1 Pin=A-4
Added Pin To Net: NetName=PWM2 Pin=A-5
Added Pin To Net: NetName=M1_1 Pin=A-23
Added Pin To Net: NetName=M1_2 Pin=A-25
Added Pin To Net: NetName=M2_1 Pin=A-27
Added Pin To Net: NetName=M2_2 Pin=A-29
Added Pin To Net: NetName=C2/B1 Pin=A-39
Added Pin To Net: NetName=C2/B2 Pin=A-41
Added Pin To Net: NetName=GND Pin=A-GND1
Added Pin To Net: NetName=GND Pin=A-GND2
Added Pin To Net: NetName=GND Pin=A-GND3
Added Pin To Net: NetName=GND Pin=A-GND4
Added Pin To Net: NetName=GND Pin=A-GND5
Added Pin To Net: NetName=5V Pin=A-VIN
Added Pin To Net: NetName=5V Pin=H_Bridge2-1
Added Pin To Net: NetName=GND Pin=H_Bridge2-5
Added Pin To Net: NetName=5V Pin=H_Bridge2-6
Added Pin To Net: NetName=GND Pin=H_Bridge2-10
Added Pin To Net: NetName=5V Pin=JP_MOTOR_3-2
Added Pin To Net: NetName=GND Pin=JP_MOTOR_3-5
Added Pin To Net: NetName=5V Pin=JP_MOTOR_4-2
Added Pin To Net: NetName=GND Pin=JP_MOTOR_4-5
Added Pin To Net: NetName=C1/A3 Pin=JP_MOTOR_3-4
Added Net: Name=C1/A3
Added Pin To Net: NetName=C1/A4 Pin=A-21
Added Pin To Net: NetName=C1/A4 Pin=JP_MOTOR_4-4
Added Net: Name=C1/A4
Added Pin To Net: NetName=C2/B3 Pin=JP_MOTOR_3-3
Added Net: Name=C2/B3
Added Pin To Net: NetName=C2/B4 Pin=A-45
Added Pin To Net: NetName=C2/B4 Pin=JP_MOTOR_4-3
Added Net: Name=C2/B4
Added Pin To Net: NetName=M3_1 Pin=A-20
Added Pin To Net: NetName=M3_1 Pin=A-31
Added Pin To Net: NetName=M3_1 Pin=H_Bridge2-3
Added Net: Name=M3_1
Added Pin To Net: NetName=M3_2 Pin=A-33
Added Pin To Net: NetName=M3_2 Pin=A-43
Added Pin To Net: NetName=M3_2 Pin=H_Bridge2-4
Added Net: Name=M3_2
Added Pin To Net: NetName=M4_1 Pin=A-35
Added Pin To Net: NetName=M4_1 Pin=H_Bridge2-8
Added Net: Name=M4_1
Added Pin To Net: NetName=M4_2 Pin=A-37
Added Pin To Net: NetName=M4_2 Pin=H_Bridge2-9
Added Net: Name=M4_2
Added Pin To Net: NetName=OUT3_1 Pin=HD_MOTOR-4
Added Pin To Net: NetName=OUT3_1 Pin=JP_MOTOR_4-6
Added Net: Name=OUT3_1
Added Pin To Net: NetName=OUT3_2 Pin=HD_MOTOR-3
Added Pin To Net: NetName=OUT3_2 Pin=JP_MOTOR_4-1
Added Net: Name=OUT3_2
Added Pin To Net: NetName=OUT4_1 Pin=HD_MOTOR-2
Added Pin To Net: NetName=OUT4_1 Pin=JP_MOTOR_3-6
Added Net: Name=OUT4_1
Added Pin To Net: NetName=OUT4_2 Pin=HD_MOTOR-1
Added Pin To Net: NetName=OUT4_2 Pin=JP_MOTOR_3-1
Added Net: Name=OUT4_2
Added Pin To Net: NetName=PWM3 Pin=A-6
Added Pin To Net: NetName=PWM3 Pin=H_Bridge2-2
Added Net: Name=PWM3
Added Pin To Net: NetName=PWM4 Pin=A-7
Added Pin To Net: NetName=PWM4 Pin=H_Bridge2-7
Added Net: Name=PWM4
Added Member To Class: ClassName=Secondary_MCU_Lidar_Robot Member=Component H_Bridge2 Header 5X2A
Added Member To Class: ClassName=Secondary_MCU_Lidar_Robot Member=Component HD_MOTOR Header 4
Added Member To Class: ClassName=Secondary_MCU_Lidar_Robot Member=Component JP_MOTOR_3 JP6
Added Member To Class: ClassName=Secondary_MCU_Lidar_Robot Member=Component JP_MOTOR_4 JP6
